{"/Users/tianiedwards/Desktop/Rev-Training/Programming/basic_api/src/app.js": {"path":"/Users/tianiedwards/Desktop/Rev-Training/Programming/basic_api/src/app.js","statementMap":{"0":{"start":{"line":2,"column":43},"end":{"line":2,"column":61}},"1":{"start":{"line":5,"column":15},"end":{"line":17,"column":4}},"2":{"start":{"line":10,"column":8},"end":{"line":10,"column":53}},"3":{"start":{"line":20,"column":13},"end":{"line":20,"column":28}},"4":{"start":{"line":21,"column":12},"end":{"line":21,"column":31}},"5":{"start":{"line":22,"column":13},"end":{"line":22,"column":17}},"6":{"start":{"line":24,"column":21},"end":{"line":29,"column":1}},"7":{"start":{"line":33,"column":8},"end":{"line":33,"column":43}},"8":{"start":{"line":38,"column":4},"end":{"line":38,"column":27}},"9":{"start":{"line":39,"column":4},"end":{"line":39,"column":22}},"10":{"start":{"line":40,"column":4},"end":{"line":40,"column":68}},"11":{"start":{"line":42,"column":4},"end":{"line":42,"column":67}},"12":{"start":{"line":48,"column":15},"end":{"line":48,"column":22}},"13":{"start":{"line":49,"column":4},"end":{"line":60,"column":5}},"14":{"start":{"line":50,"column":8},"end":{"line":59,"column":9}},"15":{"start":{"line":51,"column":12},"end":{"line":51,"column":40}},"16":{"start":{"line":52,"column":12},"end":{"line":52,"column":34}},"17":{"start":{"line":53,"column":12},"end":{"line":53,"column":40}},"18":{"start":{"line":54,"column":12},"end":{"line":54,"column":42}},"19":{"start":{"line":55,"column":12},"end":{"line":55,"column":28}},"20":{"start":{"line":56,"column":12},"end":{"line":56,"column":30}},"21":{"start":{"line":57,"column":12},"end":{"line":57,"column":68}},"22":{"start":{"line":62,"column":4},"end":{"line":62,"column":61}},"23":{"start":{"line":66,"column":4},"end":{"line":72,"column":5}},"24":{"start":{"line":67,"column":8},"end":{"line":71,"column":9}},"25":{"start":{"line":68,"column":12},"end":{"line":68,"column":32}},"26":{"start":{"line":69,"column":12},"end":{"line":69,"column":78}},"27":{"start":{"line":70,"column":12},"end":{"line":70,"column":63}},"28":{"start":{"line":77,"column":15},"end":{"line":123,"column":2}},"29":{"start":{"line":80,"column":4},"end":{"line":120,"column":5}},"30":{"start":{"line":81,"column":8},"end":{"line":81,"column":38}},"31":{"start":{"line":82,"column":8},"end":{"line":82,"column":64}},"32":{"start":{"line":83,"column":8},"end":{"line":83,"column":37}},"33":{"start":{"line":87,"column":10},"end":{"line":120,"column":5}},"34":{"start":{"line":88,"column":19},"end":{"line":88,"column":21}},"35":{"start":{"line":89,"column":8},"end":{"line":91,"column":11}},"36":{"start":{"line":90,"column":12},"end":{"line":90,"column":26}},"37":{"start":{"line":92,"column":8},"end":{"line":92,"column":26}},"38":{"start":{"line":93,"column":8},"end":{"line":97,"column":11}},"39":{"start":{"line":94,"column":23},"end":{"line":94,"column":39}},"40":{"start":{"line":95,"column":12},"end":{"line":95,"column":69}},"41":{"start":{"line":96,"column":12},"end":{"line":96,"column":35}},"42":{"start":{"line":99,"column":10},"end":{"line":120,"column":5}},"43":{"start":{"line":100,"column":19},"end":{"line":100,"column":21}},"44":{"start":{"line":101,"column":8},"end":{"line":103,"column":11}},"45":{"start":{"line":102,"column":12},"end":{"line":102,"column":26}},"46":{"start":{"line":104,"column":8},"end":{"line":108,"column":11}},"47":{"start":{"line":105,"column":23},"end":{"line":105,"column":39}},"48":{"start":{"line":106,"column":12},"end":{"line":106,"column":69}},"49":{"start":{"line":107,"column":12},"end":{"line":107,"column":38}},"50":{"start":{"line":110,"column":10},"end":{"line":120,"column":5}},"51":{"start":{"line":111,"column":27},"end":{"line":111,"column":51}},"52":{"start":{"line":112,"column":19},"end":{"line":112,"column":37}},"53":{"start":{"line":115,"column":8},"end":{"line":115,"column":65}},"54":{"start":{"line":116,"column":8},"end":{"line":116,"column":32}},"55":{"start":{"line":118,"column":8},"end":{"line":118,"column":59}},"56":{"start":{"line":119,"column":8},"end":{"line":119,"column":29}},"57":{"start":{"line":125,"column":0},"end":{"line":127,"column":3}},"58":{"start":{"line":126,"column":4},"end":{"line":126,"column":67}},"59":{"start":{"line":131,"column":0},"end":{"line":131,"column":67}}},"fnMap":{"0":{"name":"(anonymous_0)","decl":{"start":{"line":9,"column":20},"end":{"line":9,"column":21}},"loc":{"start":{"line":9,"column":55},"end":{"line":11,"column":7}},"line":9},"1":{"name":"returnGroceryList","decl":{"start":{"line":32,"column":9},"end":{"line":32,"column":26}},"loc":{"start":{"line":32,"column":28},"end":{"line":34,"column":1}},"line":32},"2":{"name":"addItem","decl":{"start":{"line":36,"column":9},"end":{"line":36,"column":16}},"loc":{"start":{"line":36,"column":22},"end":{"line":44,"column":1}},"line":36},"3":{"name":"updateItem","decl":{"start":{"line":46,"column":9},"end":{"line":46,"column":19}},"loc":{"start":{"line":46,"column":25},"end":{"line":63,"column":1}},"line":46},"4":{"name":"deleteItem","decl":{"start":{"line":65,"column":9},"end":{"line":65,"column":19}},"loc":{"start":{"line":65,"column":23},"end":{"line":75,"column":1}},"line":65},"5":{"name":"(anonymous_5)","decl":{"start":{"line":77,"column":33},"end":{"line":77,"column":34}},"loc":{"start":{"line":77,"column":47},"end":{"line":123,"column":1}},"line":77},"6":{"name":"(anonymous_6)","decl":{"start":{"line":89,"column":23},"end":{"line":89,"column":24}},"loc":{"start":{"line":89,"column":34},"end":{"line":91,"column":9}},"line":89},"7":{"name":"(anonymous_7)","decl":{"start":{"line":93,"column":22},"end":{"line":93,"column":23}},"loc":{"start":{"line":93,"column":28},"end":{"line":97,"column":9}},"line":93},"8":{"name":"(anonymous_8)","decl":{"start":{"line":101,"column":23},"end":{"line":101,"column":24}},"loc":{"start":{"line":101,"column":34},"end":{"line":103,"column":9}},"line":101},"9":{"name":"(anonymous_9)","decl":{"start":{"line":104,"column":22},"end":{"line":104,"column":23}},"loc":{"start":{"line":104,"column":28},"end":{"line":108,"column":9}},"line":104},"10":{"name":"(anonymous_10)","decl":{"start":{"line":125,"column":20},"end":{"line":125,"column":21}},"loc":{"start":{"line":125,"column":26},"end":{"line":127,"column":1}},"line":125}},"branchMap":{"0":{"loc":{"start":{"line":50,"column":8},"end":{"line":59,"column":9}},"type":"if","locations":[{"start":{"line":50,"column":8},"end":{"line":59,"column":9}},{"start":{},"end":{}}],"line":50},"1":{"loc":{"start":{"line":67,"column":8},"end":{"line":71,"column":9}},"type":"if","locations":[{"start":{"line":67,"column":8},"end":{"line":71,"column":9}},{"start":{},"end":{}}],"line":67},"2":{"loc":{"start":{"line":80,"column":4},"end":{"line":120,"column":5}},"type":"if","locations":[{"start":{"line":80,"column":4},"end":{"line":120,"column":5}},{"start":{"line":87,"column":10},"end":{"line":120,"column":5}}],"line":80},"3":{"loc":{"start":{"line":80,"column":7},"end":{"line":80,"column":54}},"type":"binary-expr","locations":[{"start":{"line":80,"column":7},"end":{"line":80,"column":27}},{"start":{"line":80,"column":31},"end":{"line":80,"column":54}}],"line":80},"4":{"loc":{"start":{"line":87,"column":10},"end":{"line":120,"column":5}},"type":"if","locations":[{"start":{"line":87,"column":10},"end":{"line":120,"column":5}},{"start":{"line":99,"column":10},"end":{"line":120,"column":5}}],"line":87},"5":{"loc":{"start":{"line":87,"column":13},"end":{"line":87,"column":63}},"type":"binary-expr","locations":[{"start":{"line":87,"column":13},"end":{"line":87,"column":34}},{"start":{"line":87,"column":38},"end":{"line":87,"column":63}}],"line":87},"6":{"loc":{"start":{"line":99,"column":10},"end":{"line":120,"column":5}},"type":"if","locations":[{"start":{"line":99,"column":10},"end":{"line":120,"column":5}},{"start":{"line":110,"column":10},"end":{"line":120,"column":5}}],"line":99},"7":{"loc":{"start":{"line":99,"column":13},"end":{"line":99,"column":62}},"type":"binary-expr","locations":[{"start":{"line":99,"column":13},"end":{"line":99,"column":33}},{"start":{"line":99,"column":37},"end":{"line":99,"column":62}}],"line":99},"8":{"loc":{"start":{"line":110,"column":10},"end":{"line":120,"column":5}},"type":"if","locations":[{"start":{"line":110,"column":10},"end":{"line":120,"column":5}},{"start":{"line":117,"column":9},"end":{"line":120,"column":5}}],"line":110}},"s":{"0":1,"1":1,"2":3,"3":1,"4":1,"5":1,"6":1,"7":1,"8":1,"9":1,"10":1,"11":1,"12":1,"13":1,"14":5,"15":1,"16":1,"17":1,"18":1,"19":1,"20":1,"21":1,"22":1,"23":1,"24":4,"25":1,"26":1,"27":1,"28":1,"29":0,"30":0,"31":0,"32":0,"33":0,"34":0,"35":0,"36":0,"37":0,"38":0,"39":0,"40":0,"41":0,"42":0,"43":0,"44":0,"45":0,"46":0,"47":0,"48":0,"49":0,"50":0,"51":0,"52":0,"53":0,"54":0,"55":0,"56":0,"57":1,"58":0,"59":1},"f":{"0":3,"1":1,"2":1,"3":1,"4":1,"5":0,"6":0,"7":0,"8":0,"9":0,"10":0},"b":{"0":[1,4],"1":[1,3],"2":[0,0],"3":[0,0],"4":[0,0],"5":[0,0],"6":[0,0],"7":[0,0],"8":[0,0]},"_coverageSchema":"1a1c01bbd47fc00a2c39e90264f33305004495a9","hash":"bf85f47177df1f7418584e972e21ff915120df2c"}
}
