TN:
SF:src/app.js
FN:9,(anonymous_0)
FN:32,returnGroceryList
FN:36,addItem
FN:46,updateItem
FN:65,deleteItem
FN:77,(anonymous_5)
FN:89,(anonymous_6)
FN:93,(anonymous_7)
FN:101,(anonymous_8)
FN:104,(anonymous_9)
FN:125,(anonymous_10)
FNF:11
FNH:5
FNDA:3,(anonymous_0)
FNDA:1,returnGroceryList
FNDA:1,addItem
FNDA:1,updateItem
FNDA:1,deleteItem
FNDA:0,(anonymous_5)
FNDA:0,(anonymous_6)
FNDA:0,(anonymous_7)
FNDA:0,(anonymous_8)
FNDA:0,(anonymous_9)
FNDA:0,(anonymous_10)
DA:2,1
DA:5,1
DA:10,3
DA:20,1
DA:21,1
DA:22,1
DA:24,1
DA:33,1
DA:38,1
DA:39,1
DA:40,1
DA:42,1
DA:48,1
DA:49,1
DA:50,5
DA:51,1
DA:52,1
DA:53,1
DA:54,1
DA:55,1
DA:56,1
DA:57,1
DA:62,1
DA:66,1
DA:67,4
DA:68,1
DA:69,1
DA:70,1
DA:77,1
DA:80,0
DA:81,0
DA:82,0
DA:83,0
DA:87,0
DA:88,0
DA:89,0
DA:90,0
DA:92,0
DA:93,0
DA:94,0
DA:95,0
DA:96,0
DA:99,0
DA:100,0
DA:101,0
DA:102,0
DA:104,0
DA:105,0
DA:106,0
DA:107,0
DA:110,0
DA:111,0
DA:112,0
DA:115,0
DA:116,0
DA:118,0
DA:119,0
DA:125,1
DA:126,0
DA:131,1
LF:60
LH:31
BRDA:50,0,0,1
BRDA:50,0,1,4
BRDA:67,1,0,1
BRDA:67,1,1,3
BRDA:80,2,0,0
BRDA:80,2,1,0
BRDA:80,3,0,0
BRDA:80,3,1,0
BRDA:87,4,0,0
BRDA:87,4,1,0
BRDA:87,5,0,0
BRDA:87,5,1,0
BRDA:99,6,0,0
BRDA:99,6,1,0
BRDA:99,7,0,0
BRDA:99,7,1,0
BRDA:110,8,0,0
BRDA:110,8,1,0
BRF:18
BRH:4
end_of_record
